#
# There is insufficient memory for the Java Runtime Environment to continue.
# Native memory allocation (mmap) failed to map 199229440 bytes for G1 virtual space
# Possible reasons:
#   The system is out of physical RAM or swap space
#   The process is running with CompressedOops enabled, and the Java Heap may be blocking the growth of the native heap
# Possible solutions:
#   Reduce memory load on the system
#   Increase physical memory or swap space
#   Check if swap backing store is full
#   Decrease Java heap size (-Xmx/-Xms)
#   Decrease number of Java threads
#   Decrease Java thread stack sizes (-Xss)
#   Set larger code cache with -XX:ReservedCodeCacheSize=
#   JVM is running with Zero Based Compressed Oops mode in which the Java heap is
#     placed in the first 32GB address space. The Java Heap base address is the
#     maximum limit for the native heap growth. Please use -XX:HeapBaseMinAddress
#     to set the Java Heap base and to place the Java Heap above 32GB virtual address.
# This output file may be truncated or incomplete.
#
#  Out of Memory Error (os_windows.cpp:3600), pid=9120, tid=27652
#
# JRE version:  (21.0.1+12) (build )
# Java VM: Java HotSpot(TM) 64-Bit Server VM (21.0.1+12-LTS-29, mixed mode, sharing, tiered, compressed oops, compressed class ptrs, g1 gc, windows-amd64)
# No core dump will be written. Minidumps are not enabled by default on client versions of Windows
#

---------------  S U M M A R Y ------------

Command Line: --enable-native-access=ALL-UNNAMED 

Host: 11th Gen Intel(R) Core(TM) i3-1115G4 @ 3.00GHz, 4 cores, 11G,  Windows 11 , 64 bit Build 26100 (10.0.26100.7705)
Time: Sun Feb  8 11:22:10 2026 Hora Padrão de Buenos Aires elapsed time: 0.091420 seconds (0d 0h 0m 0s)

---------------  T H R E A D  ---------------

Current thread (0x00000242b3e3f5b0):  JavaThread "Unknown thread" [_thread_in_vm, id=27652, stack(0x00000086ad400000,0x00000086ad500000) (1024K)]

Stack: [0x00000086ad400000,0x00000086ad500000]
Native frames: (J=compiled Java code, j=interpreted, Vv=VM code, C=native code)
V  [jvm.dll+0x6c9029]
V  [jvm.dll+0x854b81]
V  [jvm.dll+0x856e5e]
V  [jvm.dll+0x857543]
V  [jvm.dll+0x280c06]
V  [jvm.dll+0x6c5715]
V  [jvm.dll+0x6ba10a]
V  [jvm.dll+0x3557ea]
V  [jvm.dll+0x35d436]
V  [jvm.dll+0x3ae1be]
V  [jvm.dll+0x3ae468]
V  [jvm.dll+0x3291fc]
V  [jvm.dll+0x329d8b]
V  [jvm.dll+0x81d179]
V  [jvm.dll+0x3bb4f1]
V  [jvm.dll+0x805ae8]
V  [jvm.dll+0x44effe]
V  [jvm.dll+0x450901]
C  [jli.dll+0x52a3]
C  [ucrtbase.dll+0x37b0]
C  [KERNEL32.DLL+0x2e8d7]
C  [ntdll.dll+0x8c40c]


---------------  P R O C E S S  ---------------

Threads class SMR info:
_java_thread_list=0x00007ff847589b88, length=0, elements={
}

Java Threads: ( => current thread )
Total: 0

Other Threads:
  0x00000242b60c7900 WorkerThread "GC Thread#0"                     [id=23916, stack(0x00000086ad500000,0x00000086ad600000) (1024K)]
  0x00000242b60d4d80 ConcurrentGCThread "G1 Main Marker"            [id=24464, stack(0x00000086ad600000,0x00000086ad700000) (1024K)]
  0x00000242b60d75b0 WorkerThread "G1 Conc#0"                       [id=1492, stack(0x00000086ad700000,0x00000086ad800000) (1024K)]

[error occurred during error reporting (printing all threads), id 0xc0000005, EXCEPTION_ACCESS_VIOLATION (0xc0000005) at pc=0x00007ff846cfc2c7]
VM state: not at safepoint (not fully initialized)

VM Mutex/Monitor currently owned by a thread:  ([mutex/lock_event])
[0x00007ff8475fa6f8] Heap_lock - owner thread: 0x00000242b3e3f5b0

Heap address: 0x0000000743600000, size: 3018 MB, Compressed Oops mode: Zero based, Oop shift amount: 3

CDS archive(s) mapped at: [0x0000000000000000-0x0000000000000000-0x0000000000000000), size 0, SharedBaseAddress: 0x0000000800000000, ArchiveRelocationMode: 1.
Narrow klass base: 0x0000000000000000, Narrow klass shift: 0, Narrow klass range: 0x0

GC Precious Log:
 CardTable entry size: 512
 Card Set container configuration: InlinePtr #cards 4 size 8 Array Of Cards #cards 16 size 48 Howl #buckets 8 coarsen threshold 3686 Howl Bitmap #cards 512 size 80 coarsen threshold 460 Card regions per heap region 1 cards per card region 4096

Heap:
 garbage-first heap   total 0K, used 0K [0x0000000743600000, 0x0000000800000000)
  region size 2048K, 0 young (0K), 0 survivors (0K)

[error occurred during error reporting (printing heap information), id 0xc0000005, EXCEPTION_ACCESS_VIOLATION (0xc0000005) at pc=0x00007ff8470e1be9]
GC Heap History (0 events):
No events

Dll operation events (1 events):
Event: 0.015 Loaded shared library C:\Program Files\Java\jdk-21\bin\java.dll

Deoptimization events (0 events):
No events

Classes loaded (0 events):
No events

Classes unloaded (0 events):
No events

Classes redefined (0 events):
No events

Internal exceptions (0 events):
No events

ZGC Phase Switch (0 events):
No events

VM Operations (0 events):
No events

Events (0 events):
No events


Dynamic libraries:
0x00007ff6ad850000 - 0x00007ff6ad860000 	C:\Program Files\Java\jdk-21\bin\java.exe
0x00007ff8e1320000 - 0x00007ff8e1588000 	C:\WINDOWS\SYSTEM32\ntdll.dll
0x00007ff8df590000 - 0x00007ff8df659000 	C:\WINDOWS\System32\KERNEL32.DLL
0x00007ff8dde40000 - 0x00007ff8de231000 	C:\WINDOWS\System32\KERNELBASE.dll
0x00007ff8ddcc0000 - 0x00007ff8dde0b000 	C:\WINDOWS\System32\ucrtbase.dll
0x00007ff8cef60000 - 0x00007ff8cef79000 	C:\Program Files\Java\jdk-21\bin\jli.dll
0x00007ff8cef80000 - 0x00007ff8cef9b000 	C:\Program Files\Java\jdk-21\bin\VCRUNTIME140.dll
0x00007ff8df6b0000 - 0x00007ff8df764000 	C:\WINDOWS\System32\ADVAPI32.dll
0x00007ff8e03a0000 - 0x00007ff8e0449000 	C:\WINDOWS\System32\msvcrt.dll
0x00007ff8df250000 - 0x00007ff8df2f6000 	C:\WINDOWS\System32\sechost.dll
0x00007ff8dfc10000 - 0x00007ff8dfd28000 	C:\WINDOWS\System32\RPCRT4.dll
0x00007ff8e0810000 - 0x00007ff8e09d6000 	C:\WINDOWS\System32\USER32.dll
0x00007ff8c6e40000 - 0x00007ff8c70d3000 	C:\WINDOWS\WinSxS\amd64_microsoft.windows.common-controls_6595b64144ccf1df_6.0.26100.7705_none_3e06597ae3363b04\COMCTL32.dll
0x00007ff8dde10000 - 0x00007ff8dde37000 	C:\WINDOWS\System32\win32u.dll
0x00007ff8dffb0000 - 0x00007ff8dffdb000 	C:\WINDOWS\System32\GDI32.dll
0x00007ff8def00000 - 0x00007ff8df02b000 	C:\WINDOWS\System32\gdi32full.dll
0x00007ff8de5e0000 - 0x00007ff8de683000 	C:\WINDOWS\System32\msvcp_win.dll
0x00007ff8d0810000 - 0x00007ff8d081b000 	C:\WINDOWS\SYSTEM32\VERSION.dll
0x00007ff8e0770000 - 0x00007ff8e07a1000 	C:\WINDOWS\System32\IMM32.DLL
0x00007ff8cdf50000 - 0x00007ff8cdf5c000 	C:\Program Files\Java\jdk-21\bin\vcruntime140_1.dll
0x00007ff8be420000 - 0x00007ff8be4ae000 	C:\Program Files\Java\jdk-21\bin\msvcp140.dll
0x00007ff8469c0000 - 0x00007ff8476d5000 	C:\Program Files\Java\jdk-21\bin\server\jvm.dll
0x00007ff8df300000 - 0x00007ff8df374000 	C:\WINDOWS\System32\WS2_32.dll
0x00007ff8dda60000 - 0x00007ff8ddabe000 	C:\WINDOWS\SYSTEM32\POWRPROF.dll
0x00007ff8d6070000 - 0x00007ff8d60a5000 	C:\WINDOWS\SYSTEM32\WINMM.dll
0x00007ff8dda40000 - 0x00007ff8dda54000 	C:\WINDOWS\SYSTEM32\UMPDC.dll
0x00007ff8dc9b0000 - 0x00007ff8dc9cb000 	C:\WINDOWS\SYSTEM32\kernel.appcore.dll
0x00007ff8cc660000 - 0x00007ff8cc66a000 	C:\Program Files\Java\jdk-21\bin\jimage.dll
0x00007ff8db3d0000 - 0x00007ff8db612000 	C:\WINDOWS\SYSTEM32\DBGHELP.DLL
0x00007ff8e0010000 - 0x00007ff8e0396000 	C:\WINDOWS\System32\combase.dll
0x00007ff8dfed0000 - 0x00007ff8dffa7000 	C:\WINDOWS\System32\OLEAUT32.dll
0x00007ff8bef60000 - 0x00007ff8bef9b000 	C:\WINDOWS\SYSTEM32\dbgcore.DLL
0x00007ff8de530000 - 0x00007ff8de5d5000 	C:\WINDOWS\System32\bcryptPrimitives.dll
0x00007ff8cc3b0000 - 0x00007ff8cc3cf000 	C:\Program Files\Java\jdk-21\bin\java.dll

dbghelp: loaded successfully - version: 4.0.5 - missing functions: none
symbol engine: initialized successfully - sym options: 0x614 - pdb path: .;C:\Program Files\Java\jdk-21\bin;C:\WINDOWS\SYSTEM32;C:\WINDOWS\WinSxS\amd64_microsoft.windows.common-controls_6595b64144ccf1df_6.0.26100.7705_none_3e06597ae3363b04;C:\Program Files\Java\jdk-21\bin\server

VM Arguments:
jvm_args: --enable-native-access=ALL-UNNAMED 
java_command: <unknown>
java_class_path (initial): <not set>
Launcher Type: SUN_STANDARD

[Global flags]
     intx CICompilerCount                          = 3                                         {product} {ergonomic}
     uint ConcGCThreads                            = 1                                         {product} {ergonomic}
     uint G1ConcRefinementThreads                  = 4                                         {product} {ergonomic}
   size_t G1HeapRegionSize                         = 2097152                                   {product} {ergonomic}
    uintx GCDrainStackTargetSize                   = 64                                        {product} {ergonomic}
   size_t InitialHeapSize                          = 199229440                                 {product} {ergonomic}
   size_t MarkStackSize                            = 4194304                                   {product} {ergonomic}
   size_t MaxHeapSize                              = 3164602368                                {product} {ergonomic}
   size_t MinHeapDeltaBytes                        = 2097152                                   {product} {ergonomic}
   size_t MinHeapSize                              = 8388608                                   {product} {ergonomic}
    uintx NonNMethodCodeHeapSize                   = 5832780                                {pd product} {ergonomic}
    uintx NonProfiledCodeHeapSize                  = 122912730                              {pd product} {ergonomic}
    uintx ProfiledCodeHeapSize                     = 122912730                              {pd product} {ergonomic}
    uintx ReservedCodeCacheSize                    = 251658240                              {pd product} {ergonomic}
     bool SegmentedCodeCache                       = true                                      {product} {ergonomic}
   size_t SoftMaxHeapSize                          = 3164602368                             {manageable} {ergonomic}
     bool UseCompressedOops                        = true                           {product lp64_product} {ergonomic}
     bool UseG1GC                                  = true                                      {product} {ergonomic}
     bool UseLargePagesIndividualAllocation        = false                                  {pd product} {ergonomic}

Logging:
Log output configuration:
 #0: stdout all=warning uptime,level,tags foldmultilines=false
 #1: stderr all=off uptime,level,tags foldmultilines=false

Environment Variables:
PATH=C:\Python312\Scripts\;C:\Python312\;C:\Program Files\Common Files\Oracle\Java\javapath;C:\Program Files (x86)\Common Files\Oracle\Java\javapath;C:\WINDOWS\system32;C:\WINDOWS;C:\WINDOWS\System32\Wbem;C:\WINDOWS\System32\WindowsPowerShell\v1.0\;C:\WINDOWS\System32\OpenSSH\;C;C:\Program Files\Git\cmd;%JAVA_HOME%bin;C:\Program Files (x86)\Windows Kits\10\Windows Performance Toolkit\;C:\Program Files\dotnet\;C:\ProgramData\chocolatey\bin;C:\Program Files\nodejs\;C:\Program Files\Docker\Docker\resources\bin;C:\Users\joaom\AppData\Local\Microsoft\WindowsApps;C:\Users\joaom\AppData\Local\Programs\Microsoft VS Code\bin;C:\Users\joaom\.lmstudio\bin;C:\Users\joaom\AppData\Roaming\npm;C:\maven\bin;C:\Program Files\mosquitto;C:\Program Files\JetBrains\IntelliJ IDEA 2025.3.1\bin
USERNAME=joaom
TERM=xterm
OS=Windows_NT
PROCESSOR_IDENTIFIER=Intel64 Family 6 Model 140 Stepping 2, GenuineIntel
TMP=C:\Users\joaom\AppData\Local\Temp
TEMP=C:\Users\joaom\AppData\Local\Temp




Periodic native trim disabled

---------------  S Y S T E M  ---------------

OS:
 Windows 11 , 64 bit Build 26100 (10.0.26100.7705)
OS uptime: 0 days 1:17 hours
Hyper-V role detected

CPU: total 4 (initial active 4) (2 cores per cpu, 2 threads per core) family 6 model 140 stepping 2 microcode 0x26, cx8, cmov, fxsr, ht, mmx, 3dnowpref, sse, sse2, sse3, ssse3, sse4.1, sse4.2, popcnt, lzcnt, tsc, tscinvbit, avx, avx2, aes, erms, clmul, bmi1, bmi2, adx, avx512f, avx512dq, avx512cd, avx512bw, avx512vl, sha, fma, vzeroupper, avx512_vpopcntdq, avx512_vpclmulqdq, avx512_vaes, avx512_vnni, clflush, clflushopt, clwb, avx512_vbmi2, avx512_vbmi, hv, rdtscp, rdpid, fsrm, gfni, avx512_bitalg, f16c, cet_ibt, cet_ss, avx512_ifma
Processor Information for processor 0
  Max Mhz: 2995, Current Mhz: 998, Mhz Limit: 2995
Processor Information for processor 1
  Max Mhz: 2995, Current Mhz: 2995, Mhz Limit: 2995
Processor Information for processor 2
  Max Mhz: 2995, Current Mhz: 2995, Mhz Limit: 2995
Processor Information for processor 3
  Max Mhz: 2995, Current Mhz: 2995, Mhz Limit: 2995

Memory: 4k page, system-wide physical 12071M (1346M free)
TotalPageFile size 17006M (AvailPageFile size 100M)
current process WorkingSet (physical memory assigned to process): 12M, peak: 12M
current process commit charge ("private bytes"): 52M, peak: 242M

vm_info: Java HotSpot(TM) 64-Bit Server VM (21.0.1+12-LTS-29) for windows-amd64 JRE (21.0.1+12-LTS-29), built on 2023-10-05T13:27:09Z by "mach5one" with MS VC++ 17.1 (VS2022)

END.
